<?xml version="1.0" encoding="UTF-8"?>
<!-- Generated by org.testng.reporters.JUnitReportReporter -->
<testsuite hostname="DESKTOP-2PN8K12" failures="0" tests="3" name="testCases.AssignLeaveTest" time="9.125" errors="0" timestamp="2024-10-25T00:03:45 IST" skipped="0">
  <testcase classname="testCases.AssignLeaveTest" name="verifyAssignLeavebtn" time="4.924"/>
  <system-out/>
  <testcase classname="testCases.AssignLeaveTest" name="verifyInvalidEmployeename" time="3.321"/>
  <system-out/>
  <testcase classname="testCases.AssignLeaveTest" name="verifyLeaveTypeOption" time="0.880"/>
  <system-out/>
</testsuite> <!-- testCases.AssignLeaveTest -->
