<?xml version="1.0" encoding="UTF-8"?>
<!-- Generated by org.testng.reporters.JUnitReportReporter -->
<testsuite hostname="DESKTOP-2PN8K12" failures="0" tests="3" name="testCases.TC_LoginTest" time="10.162" errors="0" timestamp="2024-10-25T00:03:45 IST" skipped="0">
  <testcase classname="testCases.TC_LoginTest" name="testLogin" time="4.659"/>
  <system-out/>
  <testcase classname="testCases.TC_LoginTest" name="testLoginNegative" time="2.099"/>
  <system-out/>
  <testcase classname="testCases.TC_LoginTest" name="testLoginNegative" time="3.404"/>
  <system-out/>
</testsuite> <!-- testCases.TC_LoginTest -->
