<?xml version="1.0" encoding="UTF-8"?>
<!-- Generated by org.testng.reporters.JUnitReportReporter -->
<testsuite hostname="DESKTOP-2PN8K12" failures="0" tests="3" name="testCases.AssignLeaveTest" time="9.412" errors="0" timestamp="2024-10-25T16:03:39 IST" skipped="0">
  <testcase classname="testCases.AssignLeaveTest" name="verifyAssignLeavebtn" time="5.656"/>
  <testcase classname="testCases.AssignLeaveTest" name="verifyInvalidEmployeename" time="3.369"/>
  <testcase classname="testCases.AssignLeaveTest" name="verifyLeaveTypeOption" time="0.387"/>
</testsuite> <!-- testCases.AssignLeaveTest -->
